Running: C:\Xilinx\14.7\ISE_DS\ISE\bin\nt64\unwrapped\fuse.exe -intstyle ise -incremental -lib simprims_ver -lib unisims_ver -lib unimacro_ver -lib xilinxcorelib_ver -lib secureip -o E:/KRSSG/FPGA/programs/revised/pndrive_sim_isim_par.exe -prj E:/KRSSG/FPGA/programs/revised/pndrive_sim_par.prj work.pndrive_sim work.glbl 
ISim P.20131013 (signature 0x7708f090)
Number of CPUs detected in this system: 8
Turning on mult-threading, number of parallel sub-compilation jobs: 16 
Determining compilation order of HDL files
Analyzing Verilog file "E:/KRSSG/FPGA/programs/revised/netgen/par/pn_drive_timesim.v" into library work
Analyzing Verilog file "E:/KRSSG/FPGA/programs/revised/pndrive_sim.v" into library work
Starting static elaboration
Completed static elaboration
Compiling module ffsrce
Compiling module X_FF
Compiling module X_LUT6(INIT=64'b1111111111111111...
Compiling module X_LUT5
Compiling module X_ZERO
Compiling module X_CARRY4
Compiling module X_CKBUF
Compiling module X_OPAD
Compiling module X_OBUF
Compiling module X_IPAD
Compiling module X_BUF
Compiling module sffsrce
Compiling module X_SFF
Compiling module X_ONE
Compiling module pn_drive
Compiling module pndrive_sim
Compiling module glbl
Time Resolution for simulation is 1ps.
Waiting for 1 sub-compilation(s) to finish...
WARNING:Simulator - Unable to copy libPortabilityNOSH.dll to the simulation executable directory: boost::filesystem::copy_file: The system cannot find the path specified, "isim\pndrive_sim_isim_par.exe.sim\libPortability.dll".
Compiled 75 Verilog Units
Built simulation executable E:/KRSSG/FPGA/programs/revised/pndrive_sim_isim_par.exe
Fuse Memory Usage: 34916 KB
Fuse CPU Usage: 780 ms
