Release 14.7 - xst P.20131013 (nt64)
Copyright (c) 1995-2013 Xilinx, Inc.  All rights reserved.
--> Parameter TMPDIR set to xst/projnav.tmp


Total REAL time to Xst completion: 0.00 secs
Total CPU time to Xst completion: 0.13 secs
 
--> Parameter xsthdpdir set to xst


Total REAL time to Xst completion: 0.00 secs
Total CPU time to Xst completion: 0.13 secs
 
--> Reading design: pn_drive.prj

TABLE OF CONTENTS
  1) Synthesis Options Summary
  2) HDL Parsing
  3) HDL Elaboration
  4) HDL Synthesis
       4.1) HDL Synthesis Report
  5) Advanced HDL Synthesis
       5.1) Advanced HDL Synthesis Report
  6) Low Level Synthesis
  7) Partition Report
  8) Design Summary
       8.1) Primitive and Black Box Usage
       8.2) Device utilization summary
       8.3) Partition Resource Summary
       8.4) Timing Report
            8.4.1) Clock Information
            8.4.2) Asynchronous Control Signals Information
            8.4.3) Timing Summary
            8.4.4) Timing Details
            8.4.5) Cross Clock Domains Report


=========================================================================
*                      Synthesis Options Summary                        *
=========================================================================
---- Source Parameters
Input File Name                    : "pn_drive.prj"
Ignore Synthesis Constraint File   : NO

---- Target Parameters
Output File Name                   : "pn_drive"
Output Format                      : NGC
Target Device                      : xc6slx9-3-tqg144

---- Source Options
Top Module Name                    : pn_drive
Automatic FSM Extraction           : YES
FSM Encoding Algorithm             : Auto
Safe Implementation                : No
FSM Style                          : LUT
RAM Extraction                     : Yes
RAM Style                          : Auto
ROM Extraction                     : Yes
Shift Register Extraction          : YES
ROM Style                          : Auto
Resource Sharing                   : YES
Asynchronous To Synchronous        : NO
Shift Register Minimum Size        : 2
Use DSP Block                      : Auto
Automatic Register Balancing       : No

---- Target Options
LUT Combining                      : Auto
Reduce Control Sets                : Auto
Add IO Buffers                     : YES
Global Maximum Fanout              : 100000
Add Generic Clock Buffer(BUFG)     : 16
Register Duplication               : YES
Optimize Instantiated Primitives   : NO
Use Clock Enable                   : Auto
Use Synchronous Set                : Auto
Use Synchronous Reset              : Auto
Pack IO Registers into IOBs        : Auto
Equivalent register Removal        : YES

---- General Options
Optimization Goal                  : Speed
Optimization Effort                : 1
Power Reduction                    : NO
Keep Hierarchy                     : No
Netlist Hierarchy                  : As_Optimized
RTL Output                         : Yes
Global Optimization                : AllClockNets
Read Cores                         : YES
Write Timing Constraints           : NO
Cross Clock Analysis               : NO
Hierarchy Separator                : /
Bus Delimiter                      : <>
Case Specifier                     : Maintain
Slice Utilization Ratio            : 100
BRAM Utilization Ratio             : 100
DSP48 Utilization Ratio            : 100
Auto BRAM Packing                  : NO
Slice Utilization Ratio Delta      : 5

=========================================================================


=========================================================================
*                          HDL Parsing                                  *
=========================================================================
Analyzing Verilog file "E:\KRSSG\FPGA\programs\revised\pndrive.v" into library work
Parsing module <pn_drive>.

=========================================================================
*                            HDL Elaboration                            *
=========================================================================

Elaborating module <pn_drive>.
WARNING:HDLCompiler:413 - "E:\KRSSG\FPGA\programs\revised\pndrive.v" Line 26: Result of 9-bit expression is truncated to fit in 8-bit target.
WARNING:HDLCompiler:413 - "E:\KRSSG\FPGA\programs\revised\pndrive.v" Line 27: Result of 32-bit expression is truncated to fit in 1-bit target.

=========================================================================
*                           HDL Synthesis                               *
=========================================================================

Synthesizing Unit <pn_drive>.
    Related source file is "E:\KRSSG\FPGA\programs\revised\pndrive.v".
    Found 1-bit register for signal <pwm_out>.
    Found 8-bit register for signal <count>.
    Found 8-bit adder for signal <count[7]_GND_1_o_add_1_OUT> created at line 26.
    Found 8-bit comparator greater for signal <count[7]_pwm_in[7]_LessThan_3_o> created at line 27
    Summary:
	inferred   1 Adder/Subtractor(s).
	inferred   9 D-type flip-flop(s).
	inferred   1 Comparator(s).
Unit <pn_drive> synthesized.

=========================================================================
HDL Synthesis Report

Macro Statistics
# Adders/Subtractors                                   : 1
 8-bit adder                                           : 1
# Registers                                            : 2
 1-bit register                                        : 1
 8-bit register                                        : 1
# Comparators                                          : 1
 8-bit comparator greater                              : 1

=========================================================================

=========================================================================
*                       Advanced HDL Synthesis                          *
=========================================================================


Synthesizing (advanced) Unit <pn_drive>.
The following registers are absorbed into counter <count>: 1 register on signal <count>.
Unit <pn_drive> synthesized (advanced).

=========================================================================
Advanced HDL Synthesis Report

Macro Statistics
# Counters                                             : 1
 8-bit up counter                                      : 1
# Registers                                            : 1
 Flip-Flops                                            : 1
# Comparators                                          : 1
 8-bit comparator greater                              : 1

=========================================================================

=========================================================================
*                         Low Level Synthesis                           *
=========================================================================

Optimizing unit <pn_drive> ...

Mapping all equations...
Building and optimizing final netlist ...
Found area constraint ratio of 100 (+ 5) on block pn_drive, actual ratio is 0.

Final Macro Processing ...

=========================================================================
Final Register Report

Macro Statistics
# Registers                                            : 9
 Flip-Flops                                            : 9

=========================================================================

=========================================================================
*                           Partition Report                            *
=========================================================================

Partition Implementation Status
-------------------------------

  No Partitions were found in this design.

-------------------------------

=========================================================================
*                            Design Summary                             *
=========================================================================

Top Level Output File Name         : pn_drive.ngc

Primitive and Black Box Usage:
------------------------------
# BELS                             : 38
#      GND                         : 1
#      INV                         : 2
#      LUT1                        : 7
#      LUT3                        : 6
#      LUT4                        : 2
#      LUT5                        : 1
#      LUT6                        : 3
#      MUXCY                       : 7
#      VCC                         : 1
#      XORCY                       : 8
# FlipFlops/Latches                : 9
#      FDE                         : 8
#      FDR                         : 1
# Clock Buffers                    : 1
#      BUFGP                       : 1
# IO Buffers                       : 19
#      IBUF                        : 12
#      OBUF                        : 7

Device utilization summary:
---------------------------

Selected Device : 6slx9tqg144-3 


Slice Logic Utilization: 
 Number of Slice Registers:               9  out of  11440     0%  
 Number of Slice LUTs:                   21  out of   5720     0%  
    Number used as Logic:                21  out of   5720     0%  

Slice Logic Distribution: 
 Number of LUT Flip Flop pairs used:     21
   Number with an unused Flip Flop:      12  out of     21    57%  
   Number with an unused LUT:             0  out of     21     0%  
   Number of fully used LUT-FF pairs:     9  out of     21    42%  
   Number of unique control sets:         2

IO Utilization: 
 Number of IOs:                          20
 Number of bonded IOBs:                  20  out of    102    19%  

Specific Feature Utilization:
 Number of BUFG/BUFGCTRLs:                1  out of     16     6%  

---------------------------
Partition Resource Summary:
---------------------------

  No Partitions were found in this design.

---------------------------


=========================================================================
Timing Report

NOTE: THESE TIMING NUMBERS ARE ONLY A SYNTHESIS ESTIMATE.
      FOR ACCURATE TIMING INFORMATION PLEASE REFER TO THE TRACE REPORT
      GENERATED AFTER PLACE-and-ROUTE.

Clock Information:
------------------
-----------------------------------+------------------------+-------+
Clock Signal                       | Clock buffer(FF name)  | Load  |
-----------------------------------+------------------------+-------+
clk                                | BUFGP                  | 9     |
-----------------------------------+------------------------+-------+

Asynchronous Control Signals Information:
----------------------------------------
No asynchronous control signals found in this design

Timing Summary:
---------------
Speed Grade: -3

   Minimum period: 2.634ns (Maximum Frequency: 379.636MHz)
   Minimum input arrival time before clock: 3.518ns
   Maximum output required time after clock: 4.804ns
   Maximum combinational path delay: 5.488ns

Timing Details:
---------------
All values displayed in nanoseconds (ns)

=========================================================================
Timing constraint: Default period analysis for Clock 'clk'
  Clock period: 2.634ns (frequency: 379.636MHz)
  Total number of paths / destination ports: 49 / 9
-------------------------------------------------------------------------
Delay:               2.634ns (Levels of Logic = 2)
  Source:            count_3 (FF)
  Destination:       pwm_out_r (FF)
  Source Clock:      clk rising
  Destination Clock: clk rising

  Data Path: count_3 to pwm_out_r
                                Gate     Net
    Cell:in->out      fanout   Delay   Delay  Logical Name (Net Name)
    ----------------------------------------  ------------
     FDE:C->Q              3   0.447   0.755  count_3 (count_3)
     LUT4:I2->O            1   0.203   0.924  count[7]_pwm_in[7]_LessThan_3_o1_SW0 (N3)
     LUT5:I0->O            1   0.203   0.000  count[7]_pwm_in[7]_LessThan_3_o21 (pwm_out_r_glue_set)
     FDR:D                     0.102          pwm_out_r
    ----------------------------------------
    Total                      2.634ns (0.955ns logic, 1.679ns route)
                                       (36.3% logic, 63.7% route)

=========================================================================
Timing constraint: Default OFFSET IN BEFORE for Clock 'clk'
  Total number of paths / destination ports: 22 / 10
-------------------------------------------------------------------------
Offset:              3.518ns (Levels of Logic = 3)
  Source:            pwm_in<4> (PAD)
  Destination:       pwm_out_r (FF)
  Destination Clock: clk rising

  Data Path: pwm_in<4> to pwm_out_r
                                Gate     Net
    Cell:in->out      fanout   Delay   Delay  Logical Name (Net Name)
    ----------------------------------------  ------------
     IBUF:I->O             2   1.222   0.864  pwm_in_4_IBUF (pwm_in_4_IBUF)
     LUT4:I0->O            1   0.203   0.924  count[7]_pwm_in[7]_LessThan_3_o1_SW0 (N3)
     LUT5:I0->O            1   0.203   0.000  count[7]_pwm_in[7]_LessThan_3_o21 (pwm_out_r_glue_set)
     FDR:D                     0.102          pwm_out_r
    ----------------------------------------
    Total                      3.518ns (1.730ns logic, 1.788ns route)
                                       (49.2% logic, 50.8% route)

=========================================================================
Timing constraint: Default OFFSET OUT AFTER for Clock 'clk'
  Total number of paths / destination ports: 7 / 7
-------------------------------------------------------------------------
Offset:              4.804ns (Levels of Logic = 2)
  Source:            pwm_out_r (FF)
  Destination:       AP (PAD)
  Source Clock:      clk rising

  Data Path: pwm_out_r to AP
                                Gate     Net
    Cell:in->out      fanout   Delay   Delay  Logical Name (Net Name)
    ----------------------------------------  ------------
     FDR:C->Q              7   0.447   1.002  pwm_out_r (pwm_out_r)
     LUT3:I0->O            1   0.205   0.579  AP1 (AP_OBUF)
     OBUF:I->O                 2.571          AP_OBUF (AP)
    ----------------------------------------
    Total                      4.804ns (3.223ns logic, 1.581ns route)
                                       (67.1% logic, 32.9% route)

=========================================================================
Timing constraint: Default path analysis
  Total number of paths / destination ports: 12 / 6
-------------------------------------------------------------------------
Delay:               5.488ns (Levels of Logic = 3)
  Source:            H1 (PAD)
  Destination:       AN (PAD)

  Data Path: H1 to AN
                                Gate     Net
    Cell:in->out      fanout   Delay   Delay  Logical Name (Net Name)
    ----------------------------------------  ------------
     IBUF:I->O             4   1.222   0.912  H1_IBUF (H1_IBUF)
     LUT3:I0->O            1   0.205   0.579  AN1 (AN_OBUF)
     OBUF:I->O                 2.571          AN_OBUF (AN)
    ----------------------------------------
    Total                      5.488ns (3.998ns logic, 1.490ns route)
                                       (72.8% logic, 27.2% route)

=========================================================================

Cross Clock Domains Report:
--------------------------

Clock to Setup on destination clock clk
---------------+---------+---------+---------+---------+
               | Src:Rise| Src:Fall| Src:Rise| Src:Fall|
Source Clock   |Dest:Rise|Dest:Rise|Dest:Fall|Dest:Fall|
---------------+---------+---------+---------+---------+
clk            |    2.634|         |         |         |
---------------+---------+---------+---------+---------+

=========================================================================


Total REAL time to Xst completion: 6.00 secs
Total CPU time to Xst completion: 6.00 secs
 
--> 

Total memory usage is 4523088 kilobytes

Number of errors   :    0 (   0 filtered)
Number of warnings :    2 (   0 filtered)
Number of infos    :    0 (   0 filtered)

