Release 14.7 - xst P.20131013 (nt64)
Copyright (c) 1995-2013 Xilinx, Inc.  All rights reserved.
--> Parameter TMPDIR set to xst/projnav.tmp


Total REAL time to Xst completion: 0.00 secs
Total CPU time to Xst completion: 0.19 secs
 
--> Parameter xsthdpdir set to xst


Total REAL time to Xst completion: 0.00 secs
Total CPU time to Xst completion: 0.19 secs
 
--> Reading design: transceiver.prj

TABLE OF CONTENTS
  1) Synthesis Options Summary
  2) HDL Parsing
  3) HDL Elaboration
  4) HDL Synthesis
       4.1) HDL Synthesis Report
  5) Advanced HDL Synthesis
       5.1) Advanced HDL Synthesis Report
  6) Low Level Synthesis
  7) Partition Report
  8) Design Summary
       8.1) Primitive and Black Box Usage
       8.2) Device utilization summary
       8.3) Partition Resource Summary
       8.4) Timing Report
            8.4.1) Clock Information
            8.4.2) Asynchronous Control Signals Information
            8.4.3) Timing Summary
            8.4.4) Timing Details
            8.4.5) Cross Clock Domains Report


=========================================================================
*                      Synthesis Options Summary                        *
=========================================================================
---- Source Parameters
Input File Name                    : "transceiver.prj"
Ignore Synthesis Constraint File   : NO

---- Target Parameters
Output File Name                   : "transceiver"
Output Format                      : NGC
Target Device                      : xc6slx9-3-tqg144

---- Source Options
Top Module Name                    : transceiver
Automatic FSM Extraction           : YES
FSM Encoding Algorithm             : Auto
Safe Implementation                : No
FSM Style                          : LUT
RAM Extraction                     : Yes
RAM Style                          : Auto
ROM Extraction                     : Yes
Shift Register Extraction          : YES
ROM Style                          : Auto
Resource Sharing                   : YES
Asynchronous To Synchronous        : NO
Shift Register Minimum Size        : 2
Use DSP Block                      : Auto
Automatic Register Balancing       : No

---- Target Options
LUT Combining                      : Auto
Reduce Control Sets                : Auto
Add IO Buffers                     : YES
Global Maximum Fanout              : 100000
Add Generic Clock Buffer(BUFG)     : 16
Register Duplication               : YES
Optimize Instantiated Primitives   : NO
Use Clock Enable                   : Auto
Use Synchronous Set                : Auto
Use Synchronous Reset              : Auto
Pack IO Registers into IOBs        : Auto
Equivalent register Removal        : YES

---- General Options
Optimization Goal                  : Speed
Optimization Effort                : 1
Power Reduction                    : NO
Keep Hierarchy                     : No
Netlist Hierarchy                  : As_Optimized
RTL Output                         : Yes
Global Optimization                : AllClockNets
Read Cores                         : YES
Write Timing Constraints           : NO
Cross Clock Analysis               : NO
Hierarchy Separator                : /
Bus Delimiter                      : <>
Case Specifier                     : Maintain
Slice Utilization Ratio            : 100
BRAM Utilization Ratio             : 100
DSP48 Utilization Ratio            : 100
Auto BRAM Packing                  : NO
Slice Utilization Ratio Delta      : 5

=========================================================================


=========================================================================
*                          HDL Parsing                                  *
=========================================================================
Analyzing Verilog file "E:\KRSSG\FPGA\programs\revised\transceiver.vf" into library work
Parsing module <transceiver>.
Parsing VHDL file "E:\KRSSG\FPGA\programs\revised\transmitter.vhd" into library work
Parsing entity <UART_TX>.
Parsing architecture <RTL> of entity <uart_tx>.
Parsing VHDL file "E:\KRSSG\FPGA\programs\revised\receiver.vhd" into library work
Parsing entity <UART_RX>.
Parsing architecture <rtl> of entity <uart_rx>.

=========================================================================
*                            HDL Elaboration                            *
=========================================================================

Elaborating module <transceiver>.
Going to vhdl side to elaborate module UART_RX

Elaborating entity <UART_RX> (architecture <rtl>) with generics from library <work>.
INFO:HDLCompiler:679 - "E:\KRSSG\FPGA\programs\revised\receiver.vhd" Line 136. Case statement is complete. others clause is never selected
Back to verilog to continue elaboration
Going to vhdl side to elaborate module UART_TX

Elaborating entity <UART_TX> (architecture <RTL>) with generics from library <work>.
INFO:HDLCompiler:679 - "E:\KRSSG\FPGA\programs\revised\transmitter.vhd" Line 128. Case statement is complete. others clause is never selected
Back to verilog to continue elaboration

Elaborating module <VCC>.

=========================================================================
*                           HDL Synthesis                               *
=========================================================================

Synthesizing Unit <transceiver>.
    Related source file is "E:\KRSSG\FPGA\programs\revised\transceiver.vf".
INFO:Xst:3210 - "E:\KRSSG\FPGA\programs\revised\transceiver.vf" line 34: Output port <o_RX_DV> of the instance <XLXI_1> is unconnected or connected to loadless signal.
INFO:Xst:3210 - "E:\KRSSG\FPGA\programs\revised\transceiver.vf" line 38: Output port <o_TX_Active> of the instance <XLXI_2> is unconnected or connected to loadless signal.
INFO:Xst:3210 - "E:\KRSSG\FPGA\programs\revised\transceiver.vf" line 38: Output port <o_TX_Done> of the instance <XLXI_2> is unconnected or connected to loadless signal.
    Summary:
	no macro.
Unit <transceiver> synthesized.

Synthesizing Unit <UART_RX>.
    Related source file is "E:\KRSSG\FPGA\programs\revised\receiver.vhd".
        g_CLKS_PER_BIT = 868
    Found 1-bit register for signal <r_RX_Data>.
    Found 1-bit register for signal <r_RX_DV>.
    Found 10-bit register for signal <r_Clk_Count>.
    Found 3-bit register for signal <r_Bit_Index>.
    Found 3-bit register for signal <r_SM_Main>.
    Found 8-bit register for signal <r_RX_Byte>.
    Found 1-bit register for signal <r_RX_Data_R>.
    Found finite state machine <FSM_0> for signal <r_SM_Main>.
    -----------------------------------------------------------------------
    | States             | 5                                              |
    | Transitions        | 11                                             |
    | Inputs             | 4                                              |
    | Outputs            | 4                                              |
    | Clock              | i_Clk (rising_edge)                            |
    | Power Up State     | s_idle                                         |
    | Encoding           | auto                                           |
    | Implementation     | LUT                                            |
    -----------------------------------------------------------------------
    Found 3-bit adder for signal <r_Bit_Index[2]_GND_5_o_add_11_OUT> created at line 108.
    Found 10-bit adder for signal <r_Clk_Count[9]_GND_5_o_add_19_OUT> created at line 121.
    Found 3-bit comparator greater for signal <r_Bit_Index[2]_PWR_5_o_LessThan_11_o> created at line 107
    Found 10-bit comparator greater for signal <r_Clk_Count[9]_PWR_5_o_LessThan_19_o> created at line 120
    Summary:
	inferred   2 Adder/Subtractor(s).
	inferred  24 D-type flip-flop(s).
	inferred   2 Comparator(s).
	inferred  14 Multiplexer(s).
	inferred   1 Finite State Machine(s).
Unit <UART_RX> synthesized.

Synthesizing Unit <UART_TX>.
    Related source file is "E:\KRSSG\FPGA\programs\revised\transmitter.vhd".
        g_CLKS_PER_BIT = 868
    Found 1-bit register for signal <o_TX_Serial>.
    Found 1-bit register for signal <r_TX_Done>.
    Found 10-bit register for signal <r_Clk_Count>.
    Found 3-bit register for signal <r_Bit_Index>.
    Found 8-bit register for signal <r_TX_Data>.
    Found 3-bit register for signal <r_SM_Main>.
    Found 1-bit register for signal <o_TX_Active>.
    Found finite state machine <FSM_1> for signal <r_SM_Main>.
    -----------------------------------------------------------------------
    | States             | 5                                              |
    | Transitions        | 10                                             |
    | Inputs             | 3                                              |
    | Outputs            | 6                                              |
    | Clock              | i_Clk (rising_edge)                            |
    | Power Up State     | s_idle                                         |
    | Encoding           | auto                                           |
    | Implementation     | LUT                                            |
    -----------------------------------------------------------------------
    Found 3-bit adder for signal <r_Bit_Index[2]_GND_6_o_add_10_OUT> created at line 97.
    Found 10-bit adder for signal <r_Clk_Count[9]_GND_6_o_add_17_OUT> created at line 112.
    Found 1-bit 8-to-1 multiplexer for signal <r_Bit_Index[2]_r_TX_Data[7]_Mux_6_o> created at line 87.
    Found 3-bit comparator greater for signal <r_Bit_Index[2]_PWR_7_o_LessThan_10_o> created at line 96
    Found 10-bit comparator greater for signal <r_Clk_Count[9]_PWR_7_o_LessThan_17_o> created at line 111
    Summary:
	inferred   2 Adder/Subtractor(s).
	inferred  24 D-type flip-flop(s).
	inferred   2 Comparator(s).
	inferred   8 Multiplexer(s).
	inferred   1 Finite State Machine(s).
Unit <UART_TX> synthesized.

=========================================================================
HDL Synthesis Report

Macro Statistics
# Adders/Subtractors                                   : 4
 10-bit adder                                          : 2
 3-bit adder                                           : 2
# Registers                                            : 12
 1-bit register                                        : 6
 10-bit register                                       : 2
 3-bit register                                        : 2
 8-bit register                                        : 2
# Comparators                                          : 4
 10-bit comparator greater                             : 2
 3-bit comparator greater                              : 2
# Multiplexers                                         : 22
 1-bit 2-to-1 multiplexer                              : 10
 1-bit 8-to-1 multiplexer                              : 1
 10-bit 2-to-1 multiplexer                             : 7
 3-bit 2-to-1 multiplexer                              : 4
# FSMs                                                 : 2

=========================================================================

=========================================================================
*                       Advanced HDL Synthesis                          *
=========================================================================


=========================================================================
Advanced HDL Synthesis Report

Macro Statistics
# Adders/Subtractors                                   : 4
 10-bit adder                                          : 2
 3-bit adder                                           : 2
# Registers                                            : 48
 Flip-Flops                                            : 48
# Comparators                                          : 4
 10-bit comparator greater                             : 2
 3-bit comparator greater                              : 2
# Multiplexers                                         : 22
 1-bit 2-to-1 multiplexer                              : 10
 1-bit 8-to-1 multiplexer                              : 1
 10-bit 2-to-1 multiplexer                             : 7
 3-bit 2-to-1 multiplexer                              : 4
# FSMs                                                 : 2

=========================================================================

=========================================================================
*                         Low Level Synthesis                           *
=========================================================================
Analyzing FSM <MFsm> for best encoding.
Optimizing FSM <XLXI_1/FSM_0> on signal <r_SM_Main[1:3]> with user encoding.
----------------------------
 State          | Encoding
----------------------------
 s_idle         | 000
 s_rx_start_bit | 001
 s_rx_data_bits | 010
 s_rx_stop_bit  | 011
 s_cleanup      | 100
----------------------------
Analyzing FSM <MFsm> for best encoding.
Optimizing FSM <XLXI_2/FSM_1> on signal <r_SM_Main[1:3]> with user encoding.
----------------------------
 State          | Encoding
----------------------------
 s_idle         | 000
 s_tx_start_bit | 001
 s_tx_data_bits | 010
 s_tx_stop_bit  | 011
 s_cleanup      | 100
----------------------------

Optimizing unit <transceiver> ...

Optimizing unit <UART_RX> ...

Optimizing unit <UART_TX> ...
WARNING:Xst:2677 - Node <XLXI_1/r_RX_DV> of sequential type is unconnected in block <transceiver>.
WARNING:Xst:2677 - Node <XLXI_2/o_TX_Active> of sequential type is unconnected in block <transceiver>.
WARNING:Xst:2677 - Node <XLXI_2/r_TX_Done> of sequential type is unconnected in block <transceiver>.

Mapping all equations...
Building and optimizing final netlist ...
Found area constraint ratio of 100 (+ 5) on block transceiver, actual ratio is 1.
FlipFlop XLXI_1/r_SM_Main_FSM_FFd2 has been replicated 1 time(s)

Final Macro Processing ...

Processing Unit <transceiver> :
	Found 2-bit shift register for signal <XLXI_1/r_RX_Data>.
Unit <transceiver> processed.

=========================================================================
Final Register Report

Macro Statistics
# Registers                                            : 50
 Flip-Flops                                            : 50
# Shift Registers                                      : 1
 2-bit shift register                                  : 1

=========================================================================

=========================================================================
*                           Partition Report                            *
=========================================================================

Partition Implementation Status
-------------------------------

  No Partitions were found in this design.

-------------------------------

=========================================================================
*                            Design Summary                             *
=========================================================================

Top Level Output File Name         : transceiver.ngc

Primitive and Black Box Usage:
------------------------------
# BELS                             : 111
#      GND                         : 1
#      INV                         : 4
#      LUT2                        : 11
#      LUT3                        : 16
#      LUT4                        : 9
#      LUT5                        : 14
#      LUT6                        : 53
#      MUXF7                       : 2
#      VCC                         : 1
# FlipFlops/Latches                : 51
#      FD                          : 7
#      FDE                         : 44
# Shift Registers                  : 1
#      SRLC16E                     : 1
# Clock Buffers                    : 1
#      BUFGP                       : 1
# IO Buffers                       : 2
#      IBUF                        : 1
#      OBUF                        : 1

Device utilization summary:
---------------------------

Selected Device : 6slx9tqg144-3 


Slice Logic Utilization: 
 Number of Slice Registers:              51  out of  11440     0%  
 Number of Slice LUTs:                  108  out of   5720     1%  
    Number used as Logic:               107  out of   5720     1%  
    Number used as Memory:                1  out of   1440     0%  
       Number used as SRL:                1

Slice Logic Distribution: 
 Number of LUT Flip Flop pairs used:    116
   Number with an unused Flip Flop:      65  out of    116    56%  
   Number with an unused LUT:             8  out of    116     6%  
   Number of fully used LUT-FF pairs:    43  out of    116    37%  
   Number of unique control sets:        10

IO Utilization: 
 Number of IOs:                           3
 Number of bonded IOBs:                   3  out of    102     2%  

Specific Feature Utilization:
 Number of BUFG/BUFGCTRLs:                1  out of     16     6%  

---------------------------
Partition Resource Summary:
---------------------------

  No Partitions were found in this design.

---------------------------


=========================================================================
Timing Report

NOTE: THESE TIMING NUMBERS ARE ONLY A SYNTHESIS ESTIMATE.
      FOR ACCURATE TIMING INFORMATION PLEASE REFER TO THE TRACE REPORT
      GENERATED AFTER PLACE-and-ROUTE.

Clock Information:
------------------
-----------------------------------+------------------------+-------+
Clock Signal                       | Clock buffer(FF name)  | Load  |
-----------------------------------+------------------------+-------+
CLK                                | BUFGP                  | 52    |
-----------------------------------+------------------------+-------+

Asynchronous Control Signals Information:
----------------------------------------
No asynchronous control signals found in this design

Timing Summary:
---------------
Speed Grade: -3

   Minimum period: 4.046ns (Maximum Frequency: 247.142MHz)
   Minimum input arrival time before clock: 1.801ns
   Maximum output required time after clock: 3.597ns
   Maximum combinational path delay: No path found

Timing Details:
---------------
All values displayed in nanoseconds (ns)

=========================================================================
Timing constraint: Default period analysis for Clock 'CLK'
  Clock period: 4.046ns (frequency: 247.142MHz)
  Total number of paths / destination ports: 1041 / 94
-------------------------------------------------------------------------
Delay:               4.046ns (Levels of Logic = 3)
  Source:            XLXI_1/r_Clk_Count_2 (FF)
  Destination:       XLXI_1/r_SM_Main_FSM_FFd2 (FF)
  Source Clock:      CLK rising
  Destination Clock: CLK rising

  Data Path: XLXI_1/r_Clk_Count_2 to XLXI_1/r_SM_Main_FSM_FFd2
                                Gate     Net
    Cell:in->out      fanout   Delay   Delay  Logical Name (Net Name)
    ----------------------------------------  ------------
     FDE:C->Q              7   0.447   1.118  XLXI_1/r_Clk_Count_2 (XLXI_1/r_Clk_Count_2)
     LUT6:I1->O           11   0.203   0.883  XLXI_1/r_Clk_Count[9]_PWR_5_o_LessThan_19_o11 (XLXI_1/r_Clk_Count[9]_PWR_5_o_LessThan_19_o1)
     LUT5:I4->O           11   0.205   0.883  XLXI_1/r_Clk_Count[9]_PWR_5_o_LessThan_19_o12 (XLXI_1/r_Clk_Count[9]_PWR_5_o_LessThan_19_o)
     LUT5:I4->O            2   0.205   0.000  XLXI_1/r_SM_Main_FSM_FFd2-In1 (XLXI_1/r_SM_Main_FSM_FFd2-In)
     FD:D                      0.102          XLXI_1/r_SM_Main_FSM_FFd2
    ----------------------------------------
    Total                      4.046ns (1.162ns logic, 2.884ns route)
                                       (28.7% logic, 71.3% route)

=========================================================================
Timing constraint: Default OFFSET IN BEFORE for Clock 'CLK'
  Total number of paths / destination ports: 1 / 1
-------------------------------------------------------------------------
Offset:              1.801ns (Levels of Logic = 1)
  Source:            Rx (PAD)
  Destination:       XLXI_1/Mshreg_r_RX_Data (FF)
  Destination Clock: CLK rising

  Data Path: Rx to XLXI_1/Mshreg_r_RX_Data
                                Gate     Net
    Cell:in->out      fanout   Delay   Delay  Logical Name (Net Name)
    ----------------------------------------  ------------
     IBUF:I->O             1   1.222   0.579  Rx_IBUF (Rx_IBUF)
     SRLC16E:D                -0.060          XLXI_1/Mshreg_r_RX_Data
    ----------------------------------------
    Total                      1.801ns (1.222ns logic, 0.579ns route)
                                       (67.9% logic, 32.1% route)

=========================================================================
Timing constraint: Default OFFSET OUT AFTER for Clock 'CLK'
  Total number of paths / destination ports: 1 / 1
-------------------------------------------------------------------------
Offset:              3.597ns (Levels of Logic = 1)
  Source:            XLXI_2/o_TX_Serial (FF)
  Destination:       TX (PAD)
  Source Clock:      CLK rising

  Data Path: XLXI_2/o_TX_Serial to TX
                                Gate     Net
    Cell:in->out      fanout   Delay   Delay  Logical Name (Net Name)
    ----------------------------------------  ------------
     FDE:C->Q              1   0.447   0.579  XLXI_2/o_TX_Serial (XLXI_2/o_TX_Serial)
     OBUF:I->O                 2.571          TX_OBUF (TX)
    ----------------------------------------
    Total                      3.597ns (3.018ns logic, 0.579ns route)
                                       (83.9% logic, 16.1% route)

=========================================================================

Cross Clock Domains Report:
--------------------------

Clock to Setup on destination clock CLK
---------------+---------+---------+---------+---------+
               | Src:Rise| Src:Fall| Src:Rise| Src:Fall|
Source Clock   |Dest:Rise|Dest:Rise|Dest:Fall|Dest:Fall|
---------------+---------+---------+---------+---------+
CLK            |    4.046|         |         |         |
---------------+---------+---------+---------+---------+

=========================================================================


Total REAL time to Xst completion: 8.00 secs
Total CPU time to Xst completion: 8.21 secs
 
--> 

Total memory usage is 4523088 kilobytes

Number of errors   :    0 (   0 filtered)
Number of warnings :    3 (   0 filtered)
Number of infos    :    3 (   0 filtered)

